<?xml version="1.0" encoding="UTF-8"?>
<!-- Generated by org.testng.reporters.JUnitReportReporter -->
<testsuite name="com.hybridframework.homepage.TestDataDeiverScript" tests="7" time="0.031" ignored="0" failures="0" timestamp="10 Nov 2017 03:30:28 GMT" skipped="0" hostname="DESKTOP-5EESGLJ" errors="0">
  <testcase name="testLogin" time="0.003" classname="com.hybridframework.homepage.TestDataDeiverScript"/>
  <testcase name="testLogin" time="0.012" classname="com.hybridframework.homepage.TestDataDeiverScript"/>
  <testcase name="testLogin" time="0.003" classname="com.hybridframework.homepage.TestDataDeiverScript"/>
  <testcase name="testLogin" time="0.002" classname="com.hybridframework.homepage.TestDataDeiverScript"/>
  <testcase name="testLogin" time="0.003" classname="com.hybridframework.homepage.TestDataDeiverScript"/>
  <testcase name="testLogin" time="0.007" classname="com.hybridframework.homepage.TestDataDeiverScript"/>
  <testcase name="testLogin" time="0.001" classname="com.hybridframework.homepage.TestDataDeiverScript"/>
</testsuite> <!-- com.hybridframework.homepage.TestDataDeiverScript -->
