<?xml version="1.0" encoding="UTF-8"?>
<!-- Generated by org.testng.reporters.JUnitReportReporter -->
<testsuite name="com.hybridframework.homepage.TestDataDrivenScript" tests="3" time="0.041" ignored="0" failures="0" timestamp="10 Nov 2017 03:34:22 GMT" skipped="0" hostname="DESKTOP-5EESGLJ" errors="0">
  <testcase name="testLogin" time="0.020" classname="com.hybridframework.homepage.TestDataDrivenScript"/>
  <testcase name="testLogin" time="0.008" classname="com.hybridframework.homepage.TestDataDrivenScript"/>
  <testcase name="testLogin" time="0.013" classname="com.hybridframework.homepage.TestDataDrivenScript"/>
</testsuite> <!-- com.hybridframework.homepage.TestDataDrivenScript -->
